Determining if the CL_VERSION_2_2 exist failed with the following output:
Change Dir: /Users/jangeja/School/CSC_515/CMakeFiles/CMakeTmp

Run Build Command:"/usr/bin/make" "cmTC_e0c63/fast"
/Library/Developer/CommandLineTools/usr/bin/make -f CMakeFiles/cmTC_e0c63.dir/build.make CMakeFiles/cmTC_e0c63.dir/build
Building C object CMakeFiles/cmTC_e0c63.dir/CheckSymbolExists.c.o
/Library/Developer/CommandLineTools/usr/bin/cc    -o CMakeFiles/cmTC_e0c63.dir/CheckSymbolExists.c.o   -c /Users/jangeja/School/CSC_515/CMakeFiles/CMakeTmp/CheckSymbolExists.c
/Users/jangeja/School/CSC_515/CMakeFiles/CMakeTmp/CheckSymbolExists.c:8:19: error: use of undeclared identifier 'CL_VERSION_2_2'
  return ((int*)(&CL_VERSION_2_2))[argc];
                  ^
1 error generated.
make[1]: *** [CMakeFiles/cmTC_e0c63.dir/CheckSymbolExists.c.o] Error 1
make: *** [cmTC_e0c63/fast] Error 2

File /Users/jangeja/School/CSC_515/CMakeFiles/CMakeTmp/CheckSymbolExists.c:
/* */
#include </System/Library/Frameworks/OpenCL.framework/Headers/cl.h>

int main(int argc, char** argv)
{
  (void)argv;
#ifndef CL_VERSION_2_2
  return ((int*)(&CL_VERSION_2_2))[argc];
#else
  (void)argc;
  return 0;
#endif
}

Determining if the CL_VERSION_2_1 exist failed with the following output:
Change Dir: /Users/jangeja/School/CSC_515/CMakeFiles/CMakeTmp

Run Build Command:"/usr/bin/make" "cmTC_08ad5/fast"
/Library/Developer/CommandLineTools/usr/bin/make -f CMakeFiles/cmTC_08ad5.dir/build.make CMakeFiles/cmTC_08ad5.dir/build
Building C object CMakeFiles/cmTC_08ad5.dir/CheckSymbolExists.c.o
/Library/Developer/CommandLineTools/usr/bin/cc    -o CMakeFiles/cmTC_08ad5.dir/CheckSymbolExists.c.o   -c /Users/jangeja/School/CSC_515/CMakeFiles/CMakeTmp/CheckSymbolExists.c
/Users/jangeja/School/CSC_515/CMakeFiles/CMakeTmp/CheckSymbolExists.c:8:19: error: use of undeclared identifier 'CL_VERSION_2_1'
  return ((int*)(&CL_VERSION_2_1))[argc];
                  ^
1 error generated.
make[1]: *** [CMakeFiles/cmTC_08ad5.dir/CheckSymbolExists.c.o] Error 1
make: *** [cmTC_08ad5/fast] Error 2

File /Users/jangeja/School/CSC_515/CMakeFiles/CMakeTmp/CheckSymbolExists.c:
/* */
#include </System/Library/Frameworks/OpenCL.framework/Headers/cl.h>

int main(int argc, char** argv)
{
  (void)argv;
#ifndef CL_VERSION_2_1
  return ((int*)(&CL_VERSION_2_1))[argc];
#else
  (void)argc;
  return 0;
#endif
}

Determining if the CL_VERSION_2_0 exist failed with the following output:
Change Dir: /Users/jangeja/School/CSC_515/CMakeFiles/CMakeTmp

Run Build Command:"/usr/bin/make" "cmTC_348d0/fast"
/Library/Developer/CommandLineTools/usr/bin/make -f CMakeFiles/cmTC_348d0.dir/build.make CMakeFiles/cmTC_348d0.dir/build
Building C object CMakeFiles/cmTC_348d0.dir/CheckSymbolExists.c.o
/Library/Developer/CommandLineTools/usr/bin/cc    -o CMakeFiles/cmTC_348d0.dir/CheckSymbolExists.c.o   -c /Users/jangeja/School/CSC_515/CMakeFiles/CMakeTmp/CheckSymbolExists.c
/Users/jangeja/School/CSC_515/CMakeFiles/CMakeTmp/CheckSymbolExists.c:8:19: error: use of undeclared identifier 'CL_VERSION_2_0'
  return ((int*)(&CL_VERSION_2_0))[argc];
                  ^
1 error generated.
make[1]: *** [CMakeFiles/cmTC_348d0.dir/CheckSymbolExists.c.o] Error 1
make: *** [cmTC_348d0/fast] Error 2

File /Users/jangeja/School/CSC_515/CMakeFiles/CMakeTmp/CheckSymbolExists.c:
/* */
#include </System/Library/Frameworks/OpenCL.framework/Headers/cl.h>

int main(int argc, char** argv)
{
  (void)argv;
#ifndef CL_VERSION_2_0
  return ((int*)(&CL_VERSION_2_0))[argc];
#else
  (void)argc;
  return 0;
#endif
}

